生成启动时间为 2017/9/20 11:51:27。
     1>项目“D:\code\zhongan\prj\NewTrader\NewTrader.vcxproj”在节点 2 上(Build 个目标)。
     1>ClCompile:
         C:\Program Files (x86)\Microsoft Visual Studio 12.0\VC\bin\CL.exe /c /ZI /nologo /W3 /WX- /Od /Oy- /D WIN32 /D _DEBUG /D _CONSOLE /D _UNICODE /D UNICODE /Gm /EHsc /RTC1 /MDd /GS /fp:precise /Zc:wchar_t /Zc:forScope /Fo"Debug\\" /Fd"Debug\vc120.pdb" /Gd /TP /analyze- /errorReport:prompt Trade.cpp
         Trade.cpp
       Link:
         C:\Program Files (x86)\Microsoft Visual Studio 12.0\VC\bin\link.exe /ERRORREPORT:PROMPT /OUT:"D:\code\zhongan\prj\NewTrader\NewTrader.exe" /INCREMENTAL /NOLOGO thosttraderapi.lib thostmduserapi.lib sqlite3.lib kernel32.lib user32.lib gdi32.lib winspool.lib comdlg32.lib advapi32.lib shell32.lib ole32.lib oleaut32.lib uuid.lib odbc32.lib odbccp32.lib /MANIFEST /MANIFESTUAC:"level='asInvoker' uiAccess='false'" /manifest:embed /DEBUG /PDB:"D:\code\zhongan\prj\NewTrader\NewTrader.pdb" /SUBSYSTEM:CONSOLE /TLBID:1 /DYNAMICBASE /NXCOMPAT /IMPLIB:"D:\code\zhongan\prj\NewTrader\NewTrader.lib" /MACHINE:X86 Debug\backtest.obj
         Debug\browsdir.obj
         Debug\common.obj
         Debug\inihelp.obj
         Debug\main.obj
         Debug\mhilbert.obj
         Debug\Quote.obj
         Debug\stdafx.obj
         Debug\strategy.obj
         Debug\Trade.obj
     1>sqlite3.lib(sqlite3.obj) : warning LNK4099: 未找到 PDB“vc120.pdb”(使用“sqlite3.lib(sqlite3.obj)”或在“D:\code\zhongan\prj\NewTrader\vc120.pdb”中寻找)；正在链接对象，如同没有调试信息一样
         NewTrader.vcxproj -> D:\code\zhongan\prj\NewTrader\NewTrader.exe
     1>已完成生成项目“D:\code\zhongan\prj\NewTrader\NewTrader.vcxproj”(Build 个目标)的操作。

生成成功。

已用时间 00:00:04.49
