生成启动时间为 2017/9/12 16:43:56。
     1>项目“D:\code\zhongan\prj\common\common.vcxproj”在节点 2 上(Build 个目标)。
     1>ClCompile:
         C:\Program Files (x86)\Microsoft Visual Studio 12.0\VC\bin\CL.exe /c /ID:\code\zhongan\sln\..\inc /ID:\code\zhongan\sln\..\inc\zlib /Zi /nologo /W1 /WX- /Od /Oy- /D COMMON_EXPORT /D UNICODE /D WIN32 /D WIN64 /D QT_DLL /D QT_CORE_LIB /D QT_SQL_LIB /D QT_XML_LIB /D _WINDLL /D _UNICODE /D UNICODE /Gm- /EHsc /MDd /GS /fp:precise /Zc:wchar_t /Zc:forScope /Fo"Debug\\" /Fd"Debug\vc120.pdb" /Gd /TP /analyze- /errorReport:prompt Global.cpp
         Global.cpp
       Link:
         C:\Program Files (x86)\Microsoft Visual Studio 12.0\VC\bin\link.exe /ERRORREPORT:PROMPT /OUT:"D:\code\zhongan\sln\..\bin\Debug\\common.dll" /NOLOGO /LIBPATH:D:\code\zhongan\sln\..\lib\Debug\ zdll.lib qtmaind.lib Qt5Cored.lib Qt5Sqld.lib Qt5Xmld.lib kernel32.lib user32.lib gdi32.lib winspool.lib comdlg32.lib advapi32.lib shell32.lib ole32.lib oleaut32.lib uuid.lib odbc32.lib odbccp32.lib /MANIFEST /MANIFESTUAC:"level='asInvoker' uiAccess='false'" /manifest:embed /DEBUG /PDB:"D:\code\zhongan\sln\..\bin\Debug\common.pdb" /SUBSYSTEM:CONSOLE /TLBID:1 /DYNAMICBASE /NXCOMPAT /IMPLIB:"D:\code\zhongan\sln\..\lib\Debug\common.lib" /MACHINE:X86 /SAFESEH /DLL Debug\AppLog.obj
         Debug\CompressLib.obj
         Debug\Condition.obj
         Debug\DateTime.obj
         Debug\Directory.obj
         Debug\ExceptionErr.obj
         Debug\FileSync.obj
         Debug\Global.obj
         Debug\IniConfig.obj
         Debug\Mutex.obj
         Debug\PerformanceTest.obj
         Debug\SimpleDateTime.obj
         Debug\SimpleMath.obj
         Debug\SpinLock.obj
         Debug\StatusDefine.obj
         Debug\Thread.obj
         Debug\WinAdapteLinux.obj
         Debug\XmlConfig.obj
            正在创建库 D:\code\zhongan\sln\..\lib\Debug\common.lib 和对象 D:\code\zhongan\sln\..\lib\Debug\common.exp
         common.vcxproj -> D:\code\zhongan\sln\..\bin\Debug\common.dll
     1>已完成生成项目“D:\code\zhongan\prj\common\common.vcxproj”(Build 个目标)的操作。

生成成功。

已用时间 00:00:01.45
